2022-06-02 13:09:52.124461 +0700 +07 m=+1.847791013
NewTest

2022-06-02 13:09:52.124942 +0700 +07 m=+1.848271996
NewTest

2022-06-02 13:09:57.312274 +0700 +07 m=+7.035553666
TestName: test

2022-06-02 13:10:09.88518 +0700 +07 m=+19.608338414
Exit

Thu Jun  2 13:10:52 2022
----------

Thu Jun  2 13:11:02 2022
Attempt authorization for name: test

Thu Jun  2 13:11:07 2022
Authorization: test

2022-06-02 13:11:10.117077 +0700 +07 m=+2.142135579
Test exit

Thu Jun  2 13:11:14 2022
----------

Thu Jun  2 13:12:15 2022
Attempt authorization for name: test

Thu Jun  2 13:12:19 2022
Authorization: test

2022-06-02 13:12:21.359081 +0700 +07 m=+1.613616557
NewTest

2022-06-02 13:12:38.071381 +0700 +07 m=+18.336532126
TestName: test

2022-06-02 13:12:42.625145 +0700 +07 m=+22.891665700
Test exit

Thu Jun  2 13:14:21 2022
----------

Thu Jun  2 13:14:30 2022
Attempt authorization for name: test

Thu Jun  2 13:14:33 2022
Authorization: test

2022-06-02 13:14:38.74908 +0700 +07 m=+4.931060106
Unvalid test command: 1

2022-06-02 13:14:57.901846 +0700 +07 m=+24.083645305
Test exit

Thu Jun  2 13:15:24 2022
----------

Thu Jun  2 13:15:27 2022
Attempt authorization for name: test

Thu Jun  2 13:15:33 2022
Authorization: test

2022-06-02 13:15:38.69809 +0700 +07 m=+4.341057247
Unvalid test command: <b>0</b>

Thu Jun  2 13:18:49 2022
----------

Thu Jun  2 13:18:53 2022
Attempt authorization for name: test

Thu Jun  2 13:18:55 2022
Authorization: test

2022-06-02 13:18:57.967978 +0700 +07 m=+1.515588276
Test exit

Thu Jun  2 13:19:04 2022
----------

Thu Jun  2 13:19:11 2022
Attempt authorization for name: test

Thu Jun  2 13:19:18 2022
Authorization: test

2022-06-02 13:19:20.696073 +0700 +07 m=+1.622938769
Unvalid test command: 0

Thu Jun  2 13:19:40 2022
----------

Thu Jun  2 13:19:42 2022
Authorization: tests

2022-06-02 13:19:47.265799 +0700 +07 m=+4.529302128
Unvalid /test/ command: 0

2022-06-02 13:19:52.793349 +0700 +07 m=+10.056799924
Test exit

Thu Jun  2 13:50:21 2022
----------

Thu Jun  2 13:50:40 2022
Attempt authorization for name: test

Thu Jun  2 13:50:44 2022
Authorization: test

2022-06-02 13:50:56.021591 +0700 +07 m=+11.252951158
NewTest

2022-06-02 13:51:00.249784 +0700 +07 m=+15.481104088
TestName: test

Thu Jun  2 13:52:45 2022
----------

Thu Jun  2 13:52:47 2022
Attempt authorization for name: test

Thu Jun  2 13:52:51 2022
Authorization: test

2022-06-02 13:52:55.874408 +0700 +07 m=+3.757316438
NewTest

2022-06-02 13:52:58.232473 +0700 +07 m=+6.115358486
TestName: test

2022-06-02 13:54:09.810711 +0700 +07 m=+77.692915494
NewTest - New qwestion

2022-06-02 13:54:14.742983 +0700 +07 m=+82.625140827
NewTest - New qwestion

Thu Jun  2 15:33:30 2022
----------

Thu Jun  2 15:33:36 2022
Attempt authorization for name: test

Thu Jun  2 15:33:46 2022
No valid password for name: test, password: 3

Thu Jun  2 15:33:50 2022
Attempt authorization for name: test

Thu Jun  2 15:33:52 2022
Authorization: test

2022-06-02 15:34:02.109702 +0700 +07 m=+8.614530256
NewTest

2022-06-02 15:34:11.704945 +0700 +07 m=+18.209691698
TestName: test

2022-06-02 15:38:28.092993 +0700 +07 m=+1.709619799
NewTest

2022-06-02 15:38:37.272641 +0700 +07 m=+10.889190236
TestName: test2

2022-06-02 15:40:33.857058 +0700 +07 m=+127.472622893
NewTest - New qwestion

2022-06-02 15:41:15.330187 +0700 +07 m=+168.945402060
NewTest - save

2022-06-02 15:41:18.911782 +0700 +07 m=+172.526966206
Test exit

2022-06-02 15:42:02.426814 +0700 +07 m=+1.511243038
NewTest

2022-06-02 15:42:04.82943 +0700 +07 m=+3.913838550
TestName: test

2022-06-02 15:42:36.068766 +0700 +07 m=+35.152910992
NewTest - save

2022-06-02 15:42:38.08443 +0700 +07 m=+37.168558254
Test exit

2022-06-02 15:42:47.383684 +0700 +07 m=+7.723273706
NewTest

2022-06-02 15:42:52.806614 +0700 +07 m=+13.146157446
TestName: test

2022-06-02 15:42:57.571293 +0700 +07 m=+17.910796538
NewTest - New qwestion

2022-06-02 15:43:07.52375 +0700 +07 m=+27.863169764
NewTest - save

2022-06-02 15:43:08.947497 +0700 +07 m=+29.286904359
Test exit

2022-06-02 15:43:40.672387 +0700 +07 m=+1.902279851
NewTest

2022-06-02 15:43:42.544761 +0700 +07 m=+3.774638526
TestName: test2

2022-06-02 15:43:45.326133 +0700 +07 m=+6.555986287
NewTest - New qwestion

2022-06-02 15:44:22.828938 +0700 +07 m=+44.058475366
NewTest - save

2022-06-02 15:44:24.210243 +0700 +07 m=+45.439768621
Test exit

2022-06-02 15:45:01.154129 +0700 +07 m=+1.972395176
NewTest

2022-06-02 15:45:05.140396 +0700 +07 m=+5.958628780
TestName: test

2022-06-02 15:45:06.627026 +0700 +07 m=+7.445245743
NewTest - New qwestion

2022-06-02 15:45:09.905959 +0700 +07 m=+10.724150674
NewTest - save

2022-06-02 15:46:22.897174 +0700 +07 m=+83.714749835
Test exit

2022-06-02 15:48:28.573562 +0700 +07 m=+1.738690867
NewTest

2022-06-02 15:48:30.999728 +0700 +07 m=+4.164852180
TestName: test2

2022-06-02 15:48:39.197861 +0700 +07 m=+12.362968061
NewTest - New qwestion

2022-06-02 15:48:40.923747 +0700 +07 m=+14.088850302
open _golang/test2.go: no such file or directory

2022-06-02 15:48:40.923999 +0700 +07 m=+14.089102489
open _golang/test2.go: no such file or directory

2022-06-02 15:48:42.691638 +0700 +07 m=+15.856737791
NewTest - save

2022-06-02 15:48:42.69187 +0700 +07 m=+15.856969763
open _golang/test2.go: no such file or directory

2022-06-02 15:48:43.674253 +0700 +07 m=+16.839350389
Test exit

Thu Jun  2 15:50:05 2022
----------

Thu Jun  2 15:50:07 2022
Attempt authorization for name: test

Thu Jun  2 15:50:11 2022
Authorization: test

2022-06-02 15:50:15.191668 +0700 +07 m=+2.646724127
NewTest

2022-06-02 15:50:18.596166 +0700 +07 m=+6.051215355
TestName: test

2022-06-02 15:50:26.252318 +0700 +07 m=+13.707350661
NewTest - save

2022-06-02 15:50:26.252546 +0700 +07 m=+13.707579067
Go error:open _golang/test.go: no such file or directory

2022-06-02 15:50:27.807443 +0700 +07 m=+15.262473238
Test exit

Thu Jun  2 20:51:39 2022
----------

Thu Jun  2 20:51:42 2022
Attempt authorization for name: test

Thu Jun  2 20:53:29 2022
----------

Thu Jun  2 20:53:37 2022
Attempt authorization for name: test

Thu Jun  2 20:53:40 2022
Authorization: test

cpp
NewTest

cpp
TestName: -1

cpp
NewTest - save

cpp
Unvalid test command: 1

cpp
Test exit

[time]
NewTest

[2022/06/02 21:00:16:00]
NewTest

[2022/06/02 21:00:39:00]
TestName: test

[2022/06/02 21:00:41:00]
NewTest - save

[2022/06/02 21:00:46:00]
Test exit

[2022/06/02 21:00:51:999]
Test exit

[2022/06/02 21:01:19.61]
Test exit

